[0.028s] Invoking command in '/home/patrick/terry-jr/build/terryjr_description': CMAKE_PREFIX_PATH=/opt/ros/humble /usr/bin/cmake /home/patrick/terry-jr/src/terryjr_description -DAMENT_CMAKE_SYMLINK_INSTALL=1 -DCMAKE_INSTALL_PREFIX=/home/patrick/terry-jr/install/terryjr_description
[0.116s] -- Found ament_cmake: 1.3.10 (/opt/ros/humble/share/ament_cmake/cmake)
[0.367s] -- Override CMake install command with custom implementation using symlinks instead of copying resources
[0.531s] -- Configuring done
[0.559s] -- Generating done
[0.559s] -- Build files have been written to: /home/patrick/terry-jr/build/terryjr_description
[0.583s] Invoked command in '/home/patrick/terry-jr/build/terryjr_description' returned '0': CMAKE_PREFIX_PATH=/opt/ros/humble /usr/bin/cmake /home/patrick/terry-jr/src/terryjr_description -DAMENT_CMAKE_SYMLINK_INSTALL=1 -DCMAKE_INSTALL_PREFIX=/home/patrick/terry-jr/install/terryjr_description
[0.584s] Invoking command in '/home/patrick/terry-jr/build/terryjr_description': CMAKE_PREFIX_PATH=/opt/ros/humble /usr/bin/cmake --build /home/patrick/terry-jr/build/terryjr_description -- -j4 -l4
[0.674s] Invoked command in '/home/patrick/terry-jr/build/terryjr_description' returned '0': CMAKE_PREFIX_PATH=/opt/ros/humble /usr/bin/cmake --build /home/patrick/terry-jr/build/terryjr_description -- -j4 -l4
[0.732s] Invoking command in '/home/patrick/terry-jr/build/terryjr_description': CMAKE_PREFIX_PATH=/opt/ros/humble /usr/bin/cmake --install /home/patrick/terry-jr/build/terryjr_description
[0.744s] -- Install configuration: ""
[0.746s] -- Execute custom install script
[0.748s] -- Symlinking: /home/patrick/terry-jr/install/terryjr_description/share/terryjr_description/meshes/base_link.stl
[0.768s] -- Symlinking: /home/patrick/terry-jr/install/terryjr_description/share/terryjr_description/meshes/left_balance_link.stl
[0.784s] -- Symlinking: /home/patrick/terry-jr/install/terryjr_description/share/terryjr_description/meshes/mid_balance_link.stl
[0.799s] -- Symlinking: /home/patrick/terry-jr/install/terryjr_description/share/terryjr_description/meshes/right_balance_link.stl
[0.814s] -- Symlinking: /home/patrick/terry-jr/install/terryjr_description/share/terryjr_description/meshes/wheel_front_left.stl
[0.832s] -- Symlinking: /home/patrick/terry-jr/install/terryjr_description/share/terryjr_description/meshes/wheel_front_right.stl
[0.852s] -- Symlinking: /home/patrick/terry-jr/install/terryjr_description/share/terryjr_description/meshes/wheel_link_left.stl
[0.868s] -- Symlinking: /home/patrick/terry-jr/install/terryjr_description/share/terryjr_description/meshes/wheel_link_right.stl
[0.883s] -- Symlinking: /home/patrick/terry-jr/install/terryjr_description/share/terryjr_description/meshes/wheel_rear_left.stl
[0.898s] -- Symlinking: /home/patrick/terry-jr/install/terryjr_description/share/terryjr_description/meshes/wheel_rear_right.stl
[0.913s] -- Symlinking: /home/patrick/terry-jr/install/terryjr_description/share/terryjr_description/urdf/gazebo.xacro
[0.929s] -- Symlinking: /home/patrick/terry-jr/install/terryjr_description/share/terryjr_description/urdf/joints.xacro
[0.944s] -- Symlinking: /home/patrick/terry-jr/install/terryjr_description/share/terryjr_description/urdf/links.xacro
[0.964s] -- Symlinking: /home/patrick/terry-jr/install/terryjr_description/share/terryjr_description/urdf/rover.xacro
[0.979s] -- Symlinking: /home/patrick/terry-jr/install/terryjr_description/share/terryjr_description/urdf/transmissions.xacro
[0.994s] -- Symlinking: /home/patrick/terry-jr/install/terryjr_description/share/terryjr_description/launch/controllers.launch.py
[1.010s] -- Symlinking: /home/patrick/terry-jr/install/terryjr_description/share/terryjr_description/launch/gazebo.xml
[1.026s] -- Symlinking: /home/patrick/terry-jr/install/terryjr_description/share/terryjr_description/launch/gazebo_simulation.launch.py
[1.042s] -- Symlinking: /home/patrick/terry-jr/install/terryjr_description/share/ament_index/resource_index/package_run_dependencies/terryjr_description
[1.060s] -- Symlinking: /home/patrick/terry-jr/install/terryjr_description/share/ament_index/resource_index/parent_prefix_path/terryjr_description
[1.077s] -- Symlinking: /home/patrick/terry-jr/install/terryjr_description/share/terryjr_description/environment/ament_prefix_path.sh
[1.094s] -- Symlinking: /home/patrick/terry-jr/install/terryjr_description/share/terryjr_description/environment/ament_prefix_path.dsv
[1.109s] -- Symlinking: /home/patrick/terry-jr/install/terryjr_description/share/terryjr_description/environment/path.sh
[1.123s] -- Symlinking: /home/patrick/terry-jr/install/terryjr_description/share/terryjr_description/environment/path.dsv
[1.140s] -- Symlinking: /home/patrick/terry-jr/install/terryjr_description/share/terryjr_description/local_setup.bash
[1.158s] -- Symlinking: /home/patrick/terry-jr/install/terryjr_description/share/terryjr_description/local_setup.sh
[1.176s] -- Symlinking: /home/patrick/terry-jr/install/terryjr_description/share/terryjr_description/local_setup.zsh
[1.192s] -- Symlinking: /home/patrick/terry-jr/install/terryjr_description/share/terryjr_description/local_setup.dsv
[1.207s] -- Symlinking: /home/patrick/terry-jr/install/terryjr_description/share/terryjr_description/package.dsv
[1.225s] -- Symlinking: /home/patrick/terry-jr/install/terryjr_description/share/ament_index/resource_index/packages/terryjr_description
[1.241s] -- Symlinking: /home/patrick/terry-jr/install/terryjr_description/share/terryjr_description/cmake/terryjr_descriptionConfig.cmake
[1.260s] -- Symlinking: /home/patrick/terry-jr/install/terryjr_description/share/terryjr_description/cmake/terryjr_descriptionConfig-version.cmake
[1.278s] -- Symlinking: /home/patrick/terry-jr/install/terryjr_description/share/terryjr_description/package.xml
[1.297s] Invoked command in '/home/patrick/terry-jr/build/terryjr_description' returned '0': CMAKE_PREFIX_PATH=/opt/ros/humble /usr/bin/cmake --install /home/patrick/terry-jr/build/terryjr_description
