-- Install configuration: ""
-- Execute custom install script
-- Up-to-date symlink: /home/patrick/terry-jr/install/terryjr_description/share/terryjr_description/meshes/base_link.stl
-- Up-to-date symlink: /home/patrick/terry-jr/install/terryjr_description/share/terryjr_description/meshes/left_balance_link.stl
-- Up-to-date symlink: /home/patrick/terry-jr/install/terryjr_description/share/terryjr_description/meshes/mid_balance_link.stl
-- Up-to-date symlink: /home/patrick/terry-jr/install/terryjr_description/share/terryjr_description/meshes/right_balance_link.stl
-- Up-to-date symlink: /home/patrick/terry-jr/install/terryjr_description/share/terryjr_description/meshes/wheel_front_left.stl
-- Up-to-date symlink: /home/patrick/terry-jr/install/terryjr_description/share/terryjr_description/meshes/wheel_front_right.stl
-- Up-to-date symlink: /home/patrick/terry-jr/install/terryjr_description/share/terryjr_description/meshes/wheel_link_left.stl
-- Up-to-date symlink: /home/patrick/terry-jr/install/terryjr_description/share/terryjr_description/meshes/wheel_link_right.stl
-- Up-to-date symlink: /home/patrick/terry-jr/install/terryjr_description/share/terryjr_description/meshes/wheel_rear_left.stl
-- Up-to-date symlink: /home/patrick/terry-jr/install/terryjr_description/share/terryjr_description/meshes/wheel_rear_right.stl
-- Up-to-date symlink: /home/patrick/terry-jr/install/terryjr_description/share/terryjr_description/urdf/gazebo.xacro
-- Up-to-date symlink: /home/patrick/terry-jr/install/terryjr_description/share/terryjr_description/urdf/joints.xacro
-- Up-to-date symlink: /home/patrick/terry-jr/install/terryjr_description/share/terryjr_description/urdf/links.xacro
-- Up-to-date symlink: /home/patrick/terry-jr/install/terryjr_description/share/terryjr_description/urdf/rover.xacro
-- Up-to-date symlink: /home/patrick/terry-jr/install/terryjr_description/share/terryjr_description/urdf/transmissions.xacro
-- Up-to-date symlink: /home/patrick/terry-jr/install/terryjr_description/share/terryjr_description/launch/controllers.launch.py
-- Up-to-date symlink: /home/patrick/terry-jr/install/terryjr_description/share/terryjr_description/launch/gazebo.xml
-- Up-to-date symlink: /home/patrick/terry-jr/install/terryjr_description/share/terryjr_description/launch/gazebo_simulation.launch.py
-- Up-to-date symlink: /home/patrick/terry-jr/install/terryjr_description/share/ament_index/resource_index/package_run_dependencies/terryjr_description
-- Up-to-date symlink: /home/patrick/terry-jr/install/terryjr_description/share/ament_index/resource_index/parent_prefix_path/terryjr_description
-- Up-to-date symlink: /home/patrick/terry-jr/install/terryjr_description/share/terryjr_description/environment/ament_prefix_path.sh
-- Up-to-date symlink: /home/patrick/terry-jr/install/terryjr_description/share/terryjr_description/environment/ament_prefix_path.dsv
-- Up-to-date symlink: /home/patrick/terry-jr/install/terryjr_description/share/terryjr_description/environment/path.sh
-- Up-to-date symlink: /home/patrick/terry-jr/install/terryjr_description/share/terryjr_description/environment/path.dsv
-- Up-to-date symlink: /home/patrick/terry-jr/install/terryjr_description/share/terryjr_description/local_setup.bash
-- Up-to-date symlink: /home/patrick/terry-jr/install/terryjr_description/share/terryjr_description/local_setup.sh
-- Up-to-date symlink: /home/patrick/terry-jr/install/terryjr_description/share/terryjr_description/local_setup.zsh
-- Up-to-date symlink: /home/patrick/terry-jr/install/terryjr_description/share/terryjr_description/local_setup.dsv
-- Symlinking: /home/patrick/terry-jr/install/terryjr_description/share/terryjr_description/package.dsv
-- Up-to-date symlink: /home/patrick/terry-jr/install/terryjr_description/share/ament_index/resource_index/packages/terryjr_description
-- Up-to-date symlink: /home/patrick/terry-jr/install/terryjr_description/share/terryjr_description/cmake/terryjr_descriptionConfig.cmake
-- Up-to-date symlink: /home/patrick/terry-jr/install/terryjr_description/share/terryjr_description/cmake/terryjr_descriptionConfig-version.cmake
-- Up-to-date symlink: /home/patrick/terry-jr/install/terryjr_description/share/terryjr_description/package.xml
