[0.155s] DEBUG:colcon:Command line arguments: ['/usr/bin/colcon', 'build', '--symlink-install']
[0.155s] DEBUG:colcon:Parsed command line arguments: Namespace(log_base=None, log_level=None, verb_name='build', build_base='build', install_base='install', merge_install=False, symlink_install=True, test_result_base=None, continue_on_error=False, executor='parallel', parallel_workers=4, event_handlers=None, ignore_user_meta=False, metas=['./colcon.meta'], base_paths=['.'], packages_ignore=None, packages_ignore_regex=None, paths=None, packages_up_to=None, packages_up_to_regex=None, packages_above=None, packages_above_and_dependencies=None, packages_above_depth=None, packages_select_by_dep=None, packages_skip_by_dep=None, packages_skip_up_to=None, packages_select_build_failed=False, packages_skip_build_finished=False, packages_select_test_failures=False, packages_skip_test_passed=False, packages_select=None, packages_skip=None, packages_select_regex=None, packages_skip_regex=None, packages_start=None, packages_end=None, allow_overriding=[], cmake_args=None, cmake_target=None, cmake_target_skip_unavailable=False, cmake_clean_cache=False, cmake_clean_first=False, cmake_force_configure=False, ament_cmake_args=None, catkin_cmake_args=None, catkin_skip_building_tests=False, mixin_files=None, mixin=None, verb_parser=<colcon_mixin.mixin.mixin_argument.MixinArgumentDecorator object at 0x7f3a1014ab30>, verb_extension=<colcon_core.verb.build.BuildVerb object at 0x7f3a102c6da0>, main=<bound method BuildVerb.main of <colcon_core.verb.build.BuildVerb object at 0x7f3a102c6da0>>, mixin_verb=('build',))
[0.391s] Level 1:colcon.colcon_core.package_discovery:discover_packages(colcon_meta) check parameters
[0.391s] Level 1:colcon.colcon_core.package_discovery:discover_packages(recursive) check parameters
[0.391s] Level 1:colcon.colcon_core.package_discovery:discover_packages(ignore) check parameters
[0.391s] Level 1:colcon.colcon_core.package_discovery:discover_packages(path) check parameters
[0.391s] Level 1:colcon.colcon_core.package_discovery:discover_packages(colcon_meta) discover
[0.392s] Level 1:colcon.colcon_core.package_discovery:discover_packages(recursive) discover
[0.392s] INFO:colcon.colcon_core.package_discovery:Crawling recursively for packages in '/home/patrick/terry-jr'
[0.392s] Level 1:colcon.colcon_core.package_identification:_identify(.) by extensions ['ignore', 'ignore_ament_install']
[0.392s] Level 1:colcon.colcon_core.package_identification:_identify(.) by extension 'ignore'
[0.392s] Level 1:colcon.colcon_core.package_identification:_identify(.) by extension 'ignore_ament_install'
[0.392s] Level 1:colcon.colcon_core.package_identification:_identify(.) by extensions ['colcon_pkg']
[0.392s] Level 1:colcon.colcon_core.package_identification:_identify(.) by extension 'colcon_pkg'
[0.392s] Level 1:colcon.colcon_core.package_identification:_identify(.) by extensions ['colcon_meta']
[0.393s] Level 1:colcon.colcon_core.package_identification:_identify(.) by extension 'colcon_meta'
[0.393s] Level 1:colcon.colcon_core.package_identification:_identify(.) by extensions ['ros']
[0.393s] Level 1:colcon.colcon_core.package_identification:_identify(.) by extension 'ros'
[0.409s] Level 1:colcon.colcon_core.package_identification:_identify(.) by extensions ['cmake', 'python']
[0.409s] Level 1:colcon.colcon_core.package_identification:_identify(.) by extension 'cmake'
[0.409s] Level 1:colcon.colcon_core.package_identification:_identify(.) by extension 'python'
[0.409s] Level 1:colcon.colcon_core.package_identification:_identify(.) by extensions ['python_setup_py']
[0.409s] Level 1:colcon.colcon_core.package_identification:_identify(.) by extension 'python_setup_py'
[0.410s] Level 1:colcon.colcon_core.package_identification:_identify(build) by extensions ['ignore', 'ignore_ament_install']
[0.410s] Level 1:colcon.colcon_core.package_identification:_identify(build) by extension 'ignore'
[0.410s] Level 1:colcon.colcon_core.package_identification:_identify(build) ignored
[0.410s] Level 1:colcon.colcon_core.package_identification:_identify(install) by extensions ['ignore', 'ignore_ament_install']
[0.410s] Level 1:colcon.colcon_core.package_identification:_identify(install) by extension 'ignore'
[0.410s] Level 1:colcon.colcon_core.package_identification:_identify(install) ignored
[0.411s] Level 1:colcon.colcon_core.package_identification:_identify(log) by extensions ['ignore', 'ignore_ament_install']
[0.411s] Level 1:colcon.colcon_core.package_identification:_identify(log) by extension 'ignore'
[0.411s] Level 1:colcon.colcon_core.package_identification:_identify(log) ignored
[0.411s] Level 1:colcon.colcon_core.package_identification:_identify(src) by extensions ['ignore', 'ignore_ament_install']
[0.411s] Level 1:colcon.colcon_core.package_identification:_identify(src) by extension 'ignore'
[0.411s] Level 1:colcon.colcon_core.package_identification:_identify(src) by extension 'ignore_ament_install'
[0.411s] Level 1:colcon.colcon_core.package_identification:_identify(src) by extensions ['colcon_pkg']
[0.411s] Level 1:colcon.colcon_core.package_identification:_identify(src) by extension 'colcon_pkg'
[0.411s] Level 1:colcon.colcon_core.package_identification:_identify(src) by extensions ['colcon_meta']
[0.411s] Level 1:colcon.colcon_core.package_identification:_identify(src) by extension 'colcon_meta'
[0.411s] Level 1:colcon.colcon_core.package_identification:_identify(src) by extensions ['ros']
[0.412s] Level 1:colcon.colcon_core.package_identification:_identify(src) by extension 'ros'
[0.412s] Level 1:colcon.colcon_core.package_identification:_identify(src) by extensions ['cmake', 'python']
[0.412s] Level 1:colcon.colcon_core.package_identification:_identify(src) by extension 'cmake'
[0.412s] Level 1:colcon.colcon_core.package_identification:_identify(src) by extension 'python'
[0.412s] Level 1:colcon.colcon_core.package_identification:_identify(src) by extensions ['python_setup_py']
[0.412s] Level 1:colcon.colcon_core.package_identification:_identify(src) by extension 'python_setup_py'
[0.412s] Level 1:colcon.colcon_core.package_identification:_identify(src/terryjr_description) by extensions ['ignore', 'ignore_ament_install']
[0.412s] Level 1:colcon.colcon_core.package_identification:_identify(src/terryjr_description) by extension 'ignore'
[0.412s] Level 1:colcon.colcon_core.package_identification:_identify(src/terryjr_description) by extension 'ignore_ament_install'
[0.412s] Level 1:colcon.colcon_core.package_identification:_identify(src/terryjr_description) by extensions ['colcon_pkg']
[0.413s] Level 1:colcon.colcon_core.package_identification:_identify(src/terryjr_description) by extension 'colcon_pkg'
[0.413s] Level 1:colcon.colcon_core.package_identification:_identify(src/terryjr_description) by extensions ['colcon_meta']
[0.413s] Level 1:colcon.colcon_core.package_identification:_identify(src/terryjr_description) by extension 'colcon_meta'
[0.413s] Level 1:colcon.colcon_core.package_identification:_identify(src/terryjr_description) by extensions ['ros']
[0.413s] Level 1:colcon.colcon_core.package_identification:_identify(src/terryjr_description) by extension 'ros'
[0.416s] DEBUG:colcon.colcon_core.package_identification:Package 'src/terryjr_description' with type 'ros.ament_cmake' and name 'terryjr_description'
[0.416s] Level 1:colcon.colcon_core.package_discovery:discover_packages(recursive) using defaults
[0.417s] Level 1:colcon.colcon_core.package_discovery:discover_packages(ignore) discover
[0.417s] Level 1:colcon.colcon_core.package_discovery:discover_packages(ignore) using defaults
[0.417s] Level 1:colcon.colcon_core.package_discovery:discover_packages(path) discover
[0.417s] Level 1:colcon.colcon_core.package_discovery:discover_packages(path) using defaults
[0.469s] Level 1:colcon.colcon_core.package_discovery:discover_packages(prefix_path) check parameters
[0.469s] Level 1:colcon.colcon_core.package_discovery:discover_packages(prefix_path) discover
[0.473s] DEBUG:colcon.colcon_installed_package_information.package_discovery:Found 1 installed packages in /home/patrick/terry-jr/install
[0.475s] DEBUG:colcon.colcon_installed_package_information.package_discovery:Found 359 installed packages in /opt/ros/humble
[0.477s] Level 1:colcon.colcon_core.package_discovery:discover_packages(prefix_path) using defaults
[0.536s] Level 5:colcon.colcon_core.verb:set package 'terryjr_description' build argument 'cmake_args' from command line to 'None'
[0.536s] Level 5:colcon.colcon_core.verb:set package 'terryjr_description' build argument 'cmake_target' from command line to 'None'
[0.536s] Level 5:colcon.colcon_core.verb:set package 'terryjr_description' build argument 'cmake_target_skip_unavailable' from command line to 'False'
[0.536s] Level 5:colcon.colcon_core.verb:set package 'terryjr_description' build argument 'cmake_clean_cache' from command line to 'False'
[0.536s] Level 5:colcon.colcon_core.verb:set package 'terryjr_description' build argument 'cmake_clean_first' from command line to 'False'
[0.536s] Level 5:colcon.colcon_core.verb:set package 'terryjr_description' build argument 'cmake_force_configure' from command line to 'False'
[0.536s] Level 5:colcon.colcon_core.verb:set package 'terryjr_description' build argument 'ament_cmake_args' from command line to 'None'
[0.537s] Level 5:colcon.colcon_core.verb:set package 'terryjr_description' build argument 'catkin_cmake_args' from command line to 'None'
[0.537s] Level 5:colcon.colcon_core.verb:set package 'terryjr_description' build argument 'catkin_skip_building_tests' from command line to 'False'
[0.537s] DEBUG:colcon.colcon_core.verb:Building package 'terryjr_description' with the following arguments: {'ament_cmake_args': None, 'build_base': '/home/patrick/terry-jr/build/terryjr_description', 'catkin_cmake_args': None, 'catkin_skip_building_tests': False, 'cmake_args': None, 'cmake_clean_cache': False, 'cmake_clean_first': False, 'cmake_force_configure': False, 'cmake_target': None, 'cmake_target_skip_unavailable': False, 'install_base': '/home/patrick/terry-jr/install/terryjr_description', 'merge_install': False, 'path': '/home/patrick/terry-jr/src/terryjr_description', 'symlink_install': True, 'test_result_base': None}
[0.537s] INFO:colcon.colcon_core.executor:Executing jobs using 'parallel' executor
[0.538s] DEBUG:colcon.colcon_parallel_executor.executor.parallel:run_until_complete
[0.539s] INFO:colcon.colcon_ros.task.ament_cmake.build:Building ROS package in '/home/patrick/terry-jr/src/terryjr_description' with build type 'ament_cmake'
[0.539s] INFO:colcon.colcon_cmake.task.cmake.build:Building CMake package in '/home/patrick/terry-jr/src/terryjr_description'
[0.543s] INFO:colcon.colcon_core.plugin_system:Skipping extension 'colcon_core.shell.bat': Not used on non-Windows systems
[0.543s] INFO:colcon.colcon_core.shell:Skip shell extension 'powershell' for command environment: Not usable outside of PowerShell
[0.543s] DEBUG:colcon.colcon_core.shell:Skip shell extension 'dsv' for command environment
[0.562s] DEBUG:colcon.colcon_core.event_handler.log_command:Invoking command in '/home/patrick/terry-jr/build/terryjr_description': CMAKE_PREFIX_PATH=${CMAKE_PREFIX_PATH}:/opt/ros/humble /usr/bin/cmake --build /home/patrick/terry-jr/build/terryjr_description -- -j4 -l4
[0.628s] DEBUG:colcon.colcon_core.event_handler.log_command:Invoked command in '/home/patrick/terry-jr/build/terryjr_description' returned '0': CMAKE_PREFIX_PATH=${CMAKE_PREFIX_PATH}:/opt/ros/humble /usr/bin/cmake --build /home/patrick/terry-jr/build/terryjr_description -- -j4 -l4
[0.686s] DEBUG:colcon.colcon_core.event_handler.log_command:Invoking command in '/home/patrick/terry-jr/build/terryjr_description': CMAKE_PREFIX_PATH=${CMAKE_PREFIX_PATH}:/opt/ros/humble /usr/bin/cmake --install /home/patrick/terry-jr/build/terryjr_description
[0.726s] Level 1:colcon.colcon_core.environment:create_environment_scripts_only(terryjr_description)
[0.726s] DEBUG:colcon.colcon_core.event_handler.log_command:Invoked command in '/home/patrick/terry-jr/build/terryjr_description' returned '0': CMAKE_PREFIX_PATH=${CMAKE_PREFIX_PATH}:/opt/ros/humble /usr/bin/cmake --install /home/patrick/terry-jr/build/terryjr_description
[0.729s] Level 1:colcon.colcon_core.environment:checking '/home/patrick/terry-jr/install/terryjr_description' for CMake module files
[0.730s] Level 1:colcon.colcon_core.environment:checking '/home/patrick/terry-jr/install/terryjr_description' for CMake config files
[0.731s] Level 1:colcon.colcon_core.shell:create_environment_hook('terryjr_description', 'cmake_prefix_path')
[0.731s] INFO:colcon.colcon_core.shell:Creating environment hook '/home/patrick/terry-jr/install/terryjr_description/share/terryjr_description/hook/cmake_prefix_path.ps1'
[0.733s] INFO:colcon.colcon_core.shell:Creating environment descriptor '/home/patrick/terry-jr/install/terryjr_description/share/terryjr_description/hook/cmake_prefix_path.dsv'
[0.734s] INFO:colcon.colcon_core.shell:Creating environment hook '/home/patrick/terry-jr/install/terryjr_description/share/terryjr_description/hook/cmake_prefix_path.sh'
[0.736s] Level 1:colcon.colcon_core.environment:checking '/home/patrick/terry-jr/install/terryjr_description/bin'
[0.736s] Level 1:colcon.colcon_core.environment:checking '/home/patrick/terry-jr/install/terryjr_description/lib/pkgconfig/terryjr_description.pc'
[0.737s] Level 1:colcon.colcon_core.environment:checking '/home/patrick/terry-jr/install/terryjr_description/lib/python3.10/site-packages'
[0.737s] Level 1:colcon.colcon_core.environment:checking '/home/patrick/terry-jr/install/terryjr_description/bin'
[0.738s] INFO:colcon.colcon_core.shell:Creating package script '/home/patrick/terry-jr/install/terryjr_description/share/terryjr_description/package.ps1'
[0.739s] INFO:colcon.colcon_core.shell:Creating package descriptor '/home/patrick/terry-jr/install/terryjr_description/share/terryjr_description/package.dsv'
[0.740s] INFO:colcon.colcon_core.shell:Creating package script '/home/patrick/terry-jr/install/terryjr_description/share/terryjr_description/package.sh'
[0.742s] INFO:colcon.colcon_core.shell:Creating package script '/home/patrick/terry-jr/install/terryjr_description/share/terryjr_description/package.bash'
[0.743s] INFO:colcon.colcon_core.shell:Creating package script '/home/patrick/terry-jr/install/terryjr_description/share/terryjr_description/package.zsh'
[0.745s] Level 1:colcon.colcon_core.environment:create_file_with_runtime_dependencies(/home/patrick/terry-jr/install/terryjr_description/share/colcon-core/packages/terryjr_description)
[0.789s] Level 1:colcon.colcon_core.environment:create_environment_scripts_only(terryjr_description)
[0.790s] Level 1:colcon.colcon_core.environment:checking '/home/patrick/terry-jr/install/terryjr_description' for CMake module files
[0.791s] Level 1:colcon.colcon_core.environment:checking '/home/patrick/terry-jr/install/terryjr_description' for CMake config files
[0.791s] Level 1:colcon.colcon_core.shell:create_environment_hook('terryjr_description', 'cmake_prefix_path')
[0.792s] INFO:colcon.colcon_core.shell:Creating environment hook '/home/patrick/terry-jr/install/terryjr_description/share/terryjr_description/hook/cmake_prefix_path.ps1'
[0.793s] INFO:colcon.colcon_core.shell:Creating environment descriptor '/home/patrick/terry-jr/install/terryjr_description/share/terryjr_description/hook/cmake_prefix_path.dsv'
[0.793s] INFO:colcon.colcon_core.shell:Creating environment hook '/home/patrick/terry-jr/install/terryjr_description/share/terryjr_description/hook/cmake_prefix_path.sh'
[0.794s] Level 1:colcon.colcon_core.environment:checking '/home/patrick/terry-jr/install/terryjr_description/bin'
[0.795s] Level 1:colcon.colcon_core.environment:checking '/home/patrick/terry-jr/install/terryjr_description/lib/pkgconfig/terryjr_description.pc'
[0.796s] Level 1:colcon.colcon_core.environment:checking '/home/patrick/terry-jr/install/terryjr_description/lib/python3.10/site-packages'
[0.797s] Level 1:colcon.colcon_core.environment:checking '/home/patrick/terry-jr/install/terryjr_description/bin'
[0.798s] INFO:colcon.colcon_core.shell:Creating package script '/home/patrick/terry-jr/install/terryjr_description/share/terryjr_description/package.ps1'
[0.799s] INFO:colcon.colcon_core.shell:Creating package descriptor '/home/patrick/terry-jr/install/terryjr_description/share/terryjr_description/package.dsv'
[0.800s] INFO:colcon.colcon_core.shell:Creating package script '/home/patrick/terry-jr/install/terryjr_description/share/terryjr_description/package.sh'
[0.802s] INFO:colcon.colcon_core.shell:Creating package script '/home/patrick/terry-jr/install/terryjr_description/share/terryjr_description/package.bash'
[0.802s] INFO:colcon.colcon_core.shell:Creating package script '/home/patrick/terry-jr/install/terryjr_description/share/terryjr_description/package.zsh'
[0.803s] Level 1:colcon.colcon_core.environment:create_file_with_runtime_dependencies(/home/patrick/terry-jr/install/terryjr_description/share/colcon-core/packages/terryjr_description)
[0.804s] DEBUG:colcon.colcon_parallel_executor.executor.parallel:closing loop
[0.804s] DEBUG:colcon.colcon_parallel_executor.executor.parallel:loop closed
[0.804s] DEBUG:colcon.colcon_parallel_executor.executor.parallel:run_until_complete finished with '0'
[0.804s] DEBUG:colcon.colcon_core.event_reactor:joining thread
[0.815s] INFO:colcon.colcon_core.plugin_system:Skipping extension 'colcon_notification.desktop_notification.terminal_notifier': Not used on non-Darwin systems
[0.816s] INFO:colcon.colcon_core.plugin_system:Skipping extension 'colcon_notification.desktop_notification.win32': Not used on non-Windows systems
[0.816s] INFO:colcon.colcon_notification.desktop_notification:Sending desktop notification using 'notify2'
[0.848s] DEBUG:colcon.colcon_core.event_reactor:joined thread
[0.848s] INFO:colcon.colcon_core.shell:Creating prefix script '/home/patrick/terry-jr/install/local_setup.ps1'
[0.850s] INFO:colcon.colcon_core.shell:Creating prefix util module '/home/patrick/terry-jr/install/_local_setup_util_ps1.py'
[0.854s] INFO:colcon.colcon_core.shell:Creating prefix chain script '/home/patrick/terry-jr/install/setup.ps1'
[0.856s] INFO:colcon.colcon_core.shell:Creating prefix script '/home/patrick/terry-jr/install/local_setup.sh'
[0.857s] INFO:colcon.colcon_core.shell:Creating prefix util module '/home/patrick/terry-jr/install/_local_setup_util_sh.py'
[0.858s] INFO:colcon.colcon_core.shell:Creating prefix chain script '/home/patrick/terry-jr/install/setup.sh'
[0.860s] INFO:colcon.colcon_core.shell:Creating prefix script '/home/patrick/terry-jr/install/local_setup.bash'
[0.861s] INFO:colcon.colcon_core.shell:Creating prefix chain script '/home/patrick/terry-jr/install/setup.bash'
[0.863s] INFO:colcon.colcon_core.shell:Creating prefix script '/home/patrick/terry-jr/install/local_setup.zsh'
[0.865s] INFO:colcon.colcon_core.shell:Creating prefix chain script '/home/patrick/terry-jr/install/setup.zsh'
