[0.360s] DEBUG:colcon:Command line arguments: ['/usr/bin/colcon', 'build', '--symlink-install']
[0.360s] DEBUG:colcon:Parsed command line arguments: Namespace(log_base=None, log_level=None, verb_name='build', build_base='build', install_base='install', merge_install=False, symlink_install=True, test_result_base=None, continue_on_error=False, executor='parallel', parallel_workers=4, event_handlers=None, ignore_user_meta=False, metas=['./colcon.meta'], base_paths=['.'], packages_ignore=None, packages_ignore_regex=None, paths=None, packages_up_to=None, packages_up_to_regex=None, packages_above=None, packages_above_and_dependencies=None, packages_above_depth=None, packages_select_by_dep=None, packages_skip_by_dep=None, packages_skip_up_to=None, packages_select_build_failed=False, packages_skip_build_finished=False, packages_select_test_failures=False, packages_skip_test_passed=False, packages_select=None, packages_skip=None, packages_select_regex=None, packages_skip_regex=None, packages_start=None, packages_end=None, allow_overriding=[], cmake_args=None, cmake_target=None, cmake_target_skip_unavailable=False, cmake_clean_cache=False, cmake_clean_first=False, cmake_force_configure=False, ament_cmake_args=None, catkin_cmake_args=None, catkin_skip_building_tests=False, mixin_files=None, mixin=None, verb_parser=<colcon_mixin.mixin.mixin_argument.MixinArgumentDecorator object at 0x702a3863eb60>, verb_extension=<colcon_core.verb.build.BuildVerb object at 0x702a387f0100>, main=<bound method BuildVerb.main of <colcon_core.verb.build.BuildVerb object at 0x702a387f0100>>, mixin_verb=('build',))
[0.811s] Level 1:colcon.colcon_core.package_discovery:discover_packages(colcon_meta) check parameters
[0.811s] Level 1:colcon.colcon_core.package_discovery:discover_packages(recursive) check parameters
[0.811s] Level 1:colcon.colcon_core.package_discovery:discover_packages(ignore) check parameters
[0.811s] Level 1:colcon.colcon_core.package_discovery:discover_packages(path) check parameters
[0.811s] Level 1:colcon.colcon_core.package_discovery:discover_packages(colcon_meta) discover
[0.811s] Level 1:colcon.colcon_core.package_discovery:discover_packages(recursive) discover
[0.811s] INFO:colcon.colcon_core.package_discovery:Crawling recursively for packages in '/home/patrick/terry-jr'
[0.811s] Level 1:colcon.colcon_core.package_identification:_identify(.) by extensions ['ignore', 'ignore_ament_install']
[0.812s] Level 1:colcon.colcon_core.package_identification:_identify(.) by extension 'ignore'
[0.812s] Level 1:colcon.colcon_core.package_identification:_identify(.) by extension 'ignore_ament_install'
[0.812s] Level 1:colcon.colcon_core.package_identification:_identify(.) by extensions ['colcon_pkg']
[0.812s] Level 1:colcon.colcon_core.package_identification:_identify(.) by extension 'colcon_pkg'
[0.812s] Level 1:colcon.colcon_core.package_identification:_identify(.) by extensions ['colcon_meta']
[0.812s] Level 1:colcon.colcon_core.package_identification:_identify(.) by extension 'colcon_meta'
[0.812s] Level 1:colcon.colcon_core.package_identification:_identify(.) by extensions ['ros']
[0.812s] Level 1:colcon.colcon_core.package_identification:_identify(.) by extension 'ros'
[0.830s] Level 1:colcon.colcon_core.package_identification:_identify(.) by extensions ['cmake', 'python']
[0.830s] Level 1:colcon.colcon_core.package_identification:_identify(.) by extension 'cmake'
[0.830s] Level 1:colcon.colcon_core.package_identification:_identify(.) by extension 'python'
[0.830s] Level 1:colcon.colcon_core.package_identification:_identify(.) by extensions ['python_setup_py']
[0.830s] Level 1:colcon.colcon_core.package_identification:_identify(.) by extension 'python_setup_py'
[0.830s] Level 1:colcon.colcon_core.package_identification:_identify(build) by extensions ['ignore', 'ignore_ament_install']
[0.830s] Level 1:colcon.colcon_core.package_identification:_identify(build) by extension 'ignore'
[0.830s] Level 1:colcon.colcon_core.package_identification:_identify(build) ignored
[0.831s] Level 1:colcon.colcon_core.package_identification:_identify(install) by extensions ['ignore', 'ignore_ament_install']
[0.831s] Level 1:colcon.colcon_core.package_identification:_identify(install) by extension 'ignore'
[0.831s] Level 1:colcon.colcon_core.package_identification:_identify(install) ignored
[0.831s] Level 1:colcon.colcon_core.package_identification:_identify(log) by extensions ['ignore', 'ignore_ament_install']
[0.831s] Level 1:colcon.colcon_core.package_identification:_identify(log) by extension 'ignore'
[0.831s] Level 1:colcon.colcon_core.package_identification:_identify(log) ignored
[0.831s] Level 1:colcon.colcon_core.package_identification:_identify(src) by extensions ['ignore', 'ignore_ament_install']
[0.831s] Level 1:colcon.colcon_core.package_identification:_identify(src) by extension 'ignore'
[0.831s] Level 1:colcon.colcon_core.package_identification:_identify(src) by extension 'ignore_ament_install'
[0.831s] Level 1:colcon.colcon_core.package_identification:_identify(src) by extensions ['colcon_pkg']
[0.831s] Level 1:colcon.colcon_core.package_identification:_identify(src) by extension 'colcon_pkg'
[0.832s] Level 1:colcon.colcon_core.package_identification:_identify(src) by extensions ['colcon_meta']
[0.832s] Level 1:colcon.colcon_core.package_identification:_identify(src) by extension 'colcon_meta'
[0.832s] Level 1:colcon.colcon_core.package_identification:_identify(src) by extensions ['ros']
[0.832s] Level 1:colcon.colcon_core.package_identification:_identify(src) by extension 'ros'
[0.832s] Level 1:colcon.colcon_core.package_identification:_identify(src) by extensions ['cmake', 'python']
[0.832s] Level 1:colcon.colcon_core.package_identification:_identify(src) by extension 'cmake'
[0.832s] Level 1:colcon.colcon_core.package_identification:_identify(src) by extension 'python'
[0.832s] Level 1:colcon.colcon_core.package_identification:_identify(src) by extensions ['python_setup_py']
[0.832s] Level 1:colcon.colcon_core.package_identification:_identify(src) by extension 'python_setup_py'
[0.832s] Level 1:colcon.colcon_core.package_identification:_identify(src/terryjr_description) by extensions ['ignore', 'ignore_ament_install']
[0.832s] Level 1:colcon.colcon_core.package_identification:_identify(src/terryjr_description) by extension 'ignore'
[0.832s] Level 1:colcon.colcon_core.package_identification:_identify(src/terryjr_description) by extension 'ignore_ament_install'
[0.832s] Level 1:colcon.colcon_core.package_identification:_identify(src/terryjr_description) by extensions ['colcon_pkg']
[0.832s] Level 1:colcon.colcon_core.package_identification:_identify(src/terryjr_description) by extension 'colcon_pkg'
[0.832s] Level 1:colcon.colcon_core.package_identification:_identify(src/terryjr_description) by extensions ['colcon_meta']
[0.833s] Level 1:colcon.colcon_core.package_identification:_identify(src/terryjr_description) by extension 'colcon_meta'
[0.833s] Level 1:colcon.colcon_core.package_identification:_identify(src/terryjr_description) by extensions ['ros']
[0.833s] Level 1:colcon.colcon_core.package_identification:_identify(src/terryjr_description) by extension 'ros'
[0.839s] DEBUG:colcon.colcon_core.package_identification:Package 'src/terryjr_description' with type 'ros.ament_cmake' and name 'terryjr_description'
[0.839s] Level 1:colcon.colcon_core.package_discovery:discover_packages(recursive) using defaults
[0.839s] Level 1:colcon.colcon_core.package_discovery:discover_packages(ignore) discover
[0.839s] Level 1:colcon.colcon_core.package_discovery:discover_packages(ignore) using defaults
[0.839s] Level 1:colcon.colcon_core.package_discovery:discover_packages(path) discover
[0.839s] Level 1:colcon.colcon_core.package_discovery:discover_packages(path) using defaults
[0.908s] Level 1:colcon.colcon_core.package_discovery:discover_packages(prefix_path) check parameters
[0.908s] Level 1:colcon.colcon_core.package_discovery:discover_packages(prefix_path) discover
[0.920s] DEBUG:colcon.colcon_installed_package_information.package_discovery:Found 359 installed packages in /opt/ros/humble
[0.922s] Level 1:colcon.colcon_core.package_discovery:discover_packages(prefix_path) using defaults
[1.115s] Level 5:colcon.colcon_core.verb:set package 'terryjr_description' build argument 'cmake_args' from command line to 'None'
[1.115s] Level 5:colcon.colcon_core.verb:set package 'terryjr_description' build argument 'cmake_target' from command line to 'None'
[1.115s] Level 5:colcon.colcon_core.verb:set package 'terryjr_description' build argument 'cmake_target_skip_unavailable' from command line to 'False'
[1.115s] Level 5:colcon.colcon_core.verb:set package 'terryjr_description' build argument 'cmake_clean_cache' from command line to 'False'
[1.115s] Level 5:colcon.colcon_core.verb:set package 'terryjr_description' build argument 'cmake_clean_first' from command line to 'False'
[1.115s] Level 5:colcon.colcon_core.verb:set package 'terryjr_description' build argument 'cmake_force_configure' from command line to 'False'
[1.115s] Level 5:colcon.colcon_core.verb:set package 'terryjr_description' build argument 'ament_cmake_args' from command line to 'None'
[1.115s] Level 5:colcon.colcon_core.verb:set package 'terryjr_description' build argument 'catkin_cmake_args' from command line to 'None'
[1.115s] Level 5:colcon.colcon_core.verb:set package 'terryjr_description' build argument 'catkin_skip_building_tests' from command line to 'False'
[1.115s] DEBUG:colcon.colcon_core.verb:Building package 'terryjr_description' with the following arguments: {'ament_cmake_args': None, 'build_base': '/home/patrick/terry-jr/build/terryjr_description', 'catkin_cmake_args': None, 'catkin_skip_building_tests': False, 'cmake_args': None, 'cmake_clean_cache': False, 'cmake_clean_first': False, 'cmake_force_configure': False, 'cmake_target': None, 'cmake_target_skip_unavailable': False, 'install_base': '/home/patrick/terry-jr/install/terryjr_description', 'merge_install': False, 'path': '/home/patrick/terry-jr/src/terryjr_description', 'symlink_install': True, 'test_result_base': None}
[1.115s] INFO:colcon.colcon_core.executor:Executing jobs using 'parallel' executor
[1.117s] DEBUG:colcon.colcon_parallel_executor.executor.parallel:run_until_complete
[1.117s] INFO:colcon.colcon_ros.task.ament_cmake.build:Building ROS package in '/home/patrick/terry-jr/src/terryjr_description' with build type 'ament_cmake'
[1.118s] INFO:colcon.colcon_cmake.task.cmake.build:Building CMake package in '/home/patrick/terry-jr/src/terryjr_description'
[1.130s] INFO:colcon.colcon_core.plugin_system:Skipping extension 'colcon_core.shell.bat': Not used on non-Windows systems
[1.130s] INFO:colcon.colcon_core.shell:Skip shell extension 'powershell' for command environment: Not usable outside of PowerShell
[1.130s] DEBUG:colcon.colcon_core.shell:Skip shell extension 'dsv' for command environment
[1.146s] DEBUG:colcon.colcon_core.event_handler.log_command:Invoking command in '/home/patrick/terry-jr/build/terryjr_description': CMAKE_PREFIX_PATH=/opt/ros/humble /usr/bin/cmake /home/patrick/terry-jr/src/terryjr_description -DAMENT_CMAKE_SYMLINK_INSTALL=1 -DCMAKE_INSTALL_PREFIX=/home/patrick/terry-jr/install/terryjr_description
[1.702s] DEBUG:colcon.colcon_core.event_handler.log_command:Invoked command in '/home/patrick/terry-jr/build/terryjr_description' returned '0': CMAKE_PREFIX_PATH=/opt/ros/humble /usr/bin/cmake /home/patrick/terry-jr/src/terryjr_description -DAMENT_CMAKE_SYMLINK_INSTALL=1 -DCMAKE_INSTALL_PREFIX=/home/patrick/terry-jr/install/terryjr_description
[1.703s] DEBUG:colcon.colcon_core.event_handler.log_command:Invoking command in '/home/patrick/terry-jr/build/terryjr_description': CMAKE_PREFIX_PATH=/opt/ros/humble /usr/bin/cmake --build /home/patrick/terry-jr/build/terryjr_description -- -j4 -l4
[1.793s] DEBUG:colcon.colcon_core.event_handler.log_command:Invoked command in '/home/patrick/terry-jr/build/terryjr_description' returned '0': CMAKE_PREFIX_PATH=/opt/ros/humble /usr/bin/cmake --build /home/patrick/terry-jr/build/terryjr_description -- -j4 -l4
[1.851s] DEBUG:colcon.colcon_core.event_handler.log_command:Invoking command in '/home/patrick/terry-jr/build/terryjr_description': CMAKE_PREFIX_PATH=/opt/ros/humble /usr/bin/cmake --install /home/patrick/terry-jr/build/terryjr_description
[2.415s] Level 1:colcon.colcon_core.environment:create_environment_scripts_only(terryjr_description)
[2.416s] DEBUG:colcon.colcon_core.event_handler.log_command:Invoked command in '/home/patrick/terry-jr/build/terryjr_description' returned '0': CMAKE_PREFIX_PATH=/opt/ros/humble /usr/bin/cmake --install /home/patrick/terry-jr/build/terryjr_description
[2.426s] Level 1:colcon.colcon_core.environment:checking '/home/patrick/terry-jr/install/terryjr_description' for CMake module files
[2.427s] Level 1:colcon.colcon_core.environment:checking '/home/patrick/terry-jr/install/terryjr_description' for CMake config files
[2.428s] Level 1:colcon.colcon_core.shell:create_environment_hook('terryjr_description', 'cmake_prefix_path')
[2.428s] INFO:colcon.colcon_core.shell:Creating environment hook '/home/patrick/terry-jr/install/terryjr_description/share/terryjr_description/hook/cmake_prefix_path.ps1'
[2.430s] INFO:colcon.colcon_core.shell:Creating environment descriptor '/home/patrick/terry-jr/install/terryjr_description/share/terryjr_description/hook/cmake_prefix_path.dsv'
[2.431s] INFO:colcon.colcon_core.shell:Creating environment hook '/home/patrick/terry-jr/install/terryjr_description/share/terryjr_description/hook/cmake_prefix_path.sh'
[2.433s] Level 1:colcon.colcon_core.environment:checking '/home/patrick/terry-jr/install/terryjr_description/bin'
[2.433s] Level 1:colcon.colcon_core.environment:checking '/home/patrick/terry-jr/install/terryjr_description/lib/pkgconfig/terryjr_description.pc'
[2.434s] Level 1:colcon.colcon_core.environment:checking '/home/patrick/terry-jr/install/terryjr_description/lib/python3.10/site-packages'
[2.434s] Level 1:colcon.colcon_core.environment:checking '/home/patrick/terry-jr/install/terryjr_description/bin'
[2.434s] INFO:colcon.colcon_core.shell:Creating package script '/home/patrick/terry-jr/install/terryjr_description/share/terryjr_description/package.ps1'
[2.436s] INFO:colcon.colcon_core.shell:Creating package descriptor '/home/patrick/terry-jr/install/terryjr_description/share/terryjr_description/package.dsv'
[2.438s] INFO:colcon.colcon_core.shell:Creating package script '/home/patrick/terry-jr/install/terryjr_description/share/terryjr_description/package.sh'
[2.440s] INFO:colcon.colcon_core.shell:Creating package script '/home/patrick/terry-jr/install/terryjr_description/share/terryjr_description/package.bash'
[2.443s] INFO:colcon.colcon_core.shell:Creating package script '/home/patrick/terry-jr/install/terryjr_description/share/terryjr_description/package.zsh'
[2.445s] Level 1:colcon.colcon_core.environment:create_file_with_runtime_dependencies(/home/patrick/terry-jr/install/terryjr_description/share/colcon-core/packages/terryjr_description)
[2.491s] Level 1:colcon.colcon_core.environment:create_environment_scripts_only(terryjr_description)
[2.491s] Level 1:colcon.colcon_core.environment:checking '/home/patrick/terry-jr/install/terryjr_description' for CMake module files
[2.492s] Level 1:colcon.colcon_core.environment:checking '/home/patrick/terry-jr/install/terryjr_description' for CMake config files
[2.492s] Level 1:colcon.colcon_core.shell:create_environment_hook('terryjr_description', 'cmake_prefix_path')
[2.493s] INFO:colcon.colcon_core.shell:Creating environment hook '/home/patrick/terry-jr/install/terryjr_description/share/terryjr_description/hook/cmake_prefix_path.ps1'
[2.493s] INFO:colcon.colcon_core.shell:Creating environment descriptor '/home/patrick/terry-jr/install/terryjr_description/share/terryjr_description/hook/cmake_prefix_path.dsv'
[2.494s] INFO:colcon.colcon_core.shell:Creating environment hook '/home/patrick/terry-jr/install/terryjr_description/share/terryjr_description/hook/cmake_prefix_path.sh'
[2.495s] Level 1:colcon.colcon_core.environment:checking '/home/patrick/terry-jr/install/terryjr_description/bin'
[2.495s] Level 1:colcon.colcon_core.environment:checking '/home/patrick/terry-jr/install/terryjr_description/lib/pkgconfig/terryjr_description.pc'
[2.495s] Level 1:colcon.colcon_core.environment:checking '/home/patrick/terry-jr/install/terryjr_description/lib/python3.10/site-packages'
[2.496s] Level 1:colcon.colcon_core.environment:checking '/home/patrick/terry-jr/install/terryjr_description/bin'
[2.496s] INFO:colcon.colcon_core.shell:Creating package script '/home/patrick/terry-jr/install/terryjr_description/share/terryjr_description/package.ps1'
[2.498s] INFO:colcon.colcon_core.shell:Creating package descriptor '/home/patrick/terry-jr/install/terryjr_description/share/terryjr_description/package.dsv'
[2.499s] INFO:colcon.colcon_core.shell:Creating package script '/home/patrick/terry-jr/install/terryjr_description/share/terryjr_description/package.sh'
[2.501s] INFO:colcon.colcon_core.shell:Creating package script '/home/patrick/terry-jr/install/terryjr_description/share/terryjr_description/package.bash'
[2.502s] INFO:colcon.colcon_core.shell:Creating package script '/home/patrick/terry-jr/install/terryjr_description/share/terryjr_description/package.zsh'
[2.504s] Level 1:colcon.colcon_core.environment:create_file_with_runtime_dependencies(/home/patrick/terry-jr/install/terryjr_description/share/colcon-core/packages/terryjr_description)
[2.505s] DEBUG:colcon.colcon_parallel_executor.executor.parallel:closing loop
[2.505s] DEBUG:colcon.colcon_parallel_executor.executor.parallel:loop closed
[2.506s] DEBUG:colcon.colcon_parallel_executor.executor.parallel:run_until_complete finished with '0'
[2.506s] DEBUG:colcon.colcon_core.event_reactor:joining thread
[2.531s] INFO:colcon.colcon_core.plugin_system:Skipping extension 'colcon_notification.desktop_notification.terminal_notifier': Not used on non-Darwin systems
[2.531s] INFO:colcon.colcon_core.plugin_system:Skipping extension 'colcon_notification.desktop_notification.win32': Not used on non-Windows systems
[2.532s] INFO:colcon.colcon_notification.desktop_notification:Sending desktop notification using 'notify2'
[2.552s] DEBUG:colcon.colcon_core.event_reactor:joined thread
[2.552s] INFO:colcon.colcon_core.shell:Creating prefix script '/home/patrick/terry-jr/install/local_setup.ps1'
[2.555s] INFO:colcon.colcon_core.shell:Creating prefix util module '/home/patrick/terry-jr/install/_local_setup_util_ps1.py'
[2.557s] INFO:colcon.colcon_core.shell:Creating prefix chain script '/home/patrick/terry-jr/install/setup.ps1'
[2.560s] INFO:colcon.colcon_core.shell:Creating prefix script '/home/patrick/terry-jr/install/local_setup.sh'
[2.563s] INFO:colcon.colcon_core.shell:Creating prefix util module '/home/patrick/terry-jr/install/_local_setup_util_sh.py'
[2.565s] INFO:colcon.colcon_core.shell:Creating prefix chain script '/home/patrick/terry-jr/install/setup.sh'
[2.568s] INFO:colcon.colcon_core.shell:Creating prefix script '/home/patrick/terry-jr/install/local_setup.bash'
[2.569s] INFO:colcon.colcon_core.shell:Creating prefix chain script '/home/patrick/terry-jr/install/setup.bash'
[2.572s] INFO:colcon.colcon_core.shell:Creating prefix script '/home/patrick/terry-jr/install/local_setup.zsh'
[2.573s] INFO:colcon.colcon_core.shell:Creating prefix chain script '/home/patrick/terry-jr/install/setup.zsh'
